<?xml version="1.0" encoding="UTF-8"?>
<!-- Generated by org.testng.reporters.JUnitReportReporter -->
<testsuite hostname="LAP-061" name="Test_Cases.iCX_TestCases" tests="1" failures="0" timestamp="2 Jan 2018 13:54:01 GMT" time="185.267" errors="0">
  <testcase name="MainScript" time="185.267" classname="Test_Cases.iCX_TestCases"/>
</testsuite> <!-- Test_Cases.iCX_TestCases -->
